\BOOKMARK [0][-]{chapter*.4}{\376\377\000I\000n\000t\000r\000o\000d\000u\000c\000t\000i\000o\000n}{}% 1
\BOOKMARK [0][-]{chapter.1}{\376\377\000M\000e\000t\000h\000o\000d\000s}{}% 2
\BOOKMARK [1][-]{section.1.1}{\376\377\000N\000u\000c\000l\000e\000a\000r\000\040\000P\000r\000o\000p\000u\000l\000s\000i\000o\000n}{chapter.1}% 3
\BOOKMARK [2][-]{subsection.1.1.1}{\376\377\000S\000p\000e\000c\000i\000f\000i\000c\000\040\000I\000m\000p\000u\000l\000s\000e}{section.1.1}% 4
\BOOKMARK [2][-]{subsection.1.1.2}{\376\377\000R\000o\000c\000k\000e\000t\000\040\000E\000q\000u\000a\000t\000i\000o\000n}{section.1.1}% 5
\BOOKMARK [2][-]{subsection.1.1.3}{\376\377\000v\000\040\000B\000u\000d\000g\000e\000t}{section.1.1}% 6
\BOOKMARK [2][-]{subsection.1.1.4}{\376\377\000N\000T\000R}{section.1.1}% 7
\BOOKMARK [1][-]{section.1.2}{\376\377\000R\000a\000d\000i\000a\000t\000i\000o\000n\000s\000\040\000i\000n\000\040\000S\000p\000a\000c\000e}{chapter.1}% 8
\BOOKMARK [2][-]{subsection.1.2.1}{\376\377\000S\000h\000i\000e\000l\000d\000i\000n\000g}{section.1.2}% 9
\BOOKMARK [2][-]{subsection.1.2.2}{\376\377\000S\000E\000P\000s}{section.1.2}% 10
\BOOKMARK [2][-]{subsection.1.2.3}{\376\377\000G\000C\000R\000s}{section.1.2}% 11
\BOOKMARK [2][-]{subsection.1.2.4}{\376\377\000D\000o\000s\000i\000m\000e\000t\000r\000y}{section.1.2}% 12
\BOOKMARK [0][-]{chapter.2}{\376\377\000R\000e\000s\000u\000l\000t\000s}{}% 13
\BOOKMARK [1][-]{section.2.1}{\376\377\000P\000r\000o\000p\000u\000l\000s\000i\000o\000n}{chapter.2}% 14
\BOOKMARK [2][-]{subsection.2.1.1}{\376\377\000N\000u\000c\000l\000e\000a\000r\000\040\000P\000r\000o\000p\000u\000l\000s\000i\000o\000n}{section.2.1}% 15
\BOOKMARK [1][-]{section.2.2}{\376\377\000R\000a\000d\000i\000a\000t\000i\000o\000n\000\040\000i\000n\000\040\000S\000p\000a\000c\000e}{chapter.2}% 16
\BOOKMARK [2][-]{subsection.2.2.1}{\376\377\000R\000a\000d\000i\000a\000t\000i\000o\000n\000\040\000e\000x\000p\000o\000s\000u\000r\000e}{section.2.2}% 17
\BOOKMARK [2][-]{subsection.2.2.2}{\376\377\000S\000h\000i\000e\000l\000d\000i\000n\000g}{section.2.2}% 18
\BOOKMARK [0][-]{chapter.3}{\376\377\000D\000i\000s\000c\000u\000s\000s\000i\000o\000n}{}% 19
\BOOKMARK [0][-]{chapter.4}{\376\377\000C\000o\000n\000c\000l\000u\000s\000i\000o\000n}{}% 20
\BOOKMARK [0][-]{chapter.5}{\376\377\000A\000p\000p\000e\000n\000d\000i\000x}{}% 21
